Arguments: 
  C:\Program Files\nodejs\node.exe C:\Program Files\nodejs\node_modules\yarn\bin\yarn.js

PATH: 
  C:\Program Files (x86)\Common Files\Oracle\Java\javapath;C:\Program Files\Microsoft\jdk-11.0.16.101-hotspot\bin;C:\Windows\system32;C:\Windows;C:\Windows\System32\Wbem;C:\Windows\System32\WindowsPowerShell\v1.0\;C:\Windows\System32\OpenSSH\;C:\Program Files\Microsoft SQL Server\150\Tools\Binn\;C:\Program Files\Microsoft SQL Server\Client SDK\ODBC\170\Tools\Binn\;C:\Program Files\dotnet\;C:\Users\AmanUpadhyay\AppData\Roaming\nvm;C:\Program Files\nodejs;C:\Program Files (x86)\Java\jre-1.8\bin;C:\Program Files\Git\cmd;C:\Program Files\MySQL\MySQL Shell 8.0\bin\;C:\Users\AmanUpadhyay\AppData\Local\Microsoft\WindowsApps;C:\Users\AmanUpadhyay\.dotnet\tools;C:\Users\AmanUpadhyay\AppData\Roaming\npm;C:\Users\AmanUpadhyay\AppData\Roaming\nvm;C:\Program Files\nodejs;C:\Users\AmanUpadhyay\AppData\Local\Programs\Microsoft VS Code\bin;C:\Program Files (x86)\Java\jre-1.8\bin;

Yarn version: 
  1.22.19

Node version: 
  20.3.1

Platform: 
  win32 x64

Trace: 
  Error: EPERM: operation not permitted, unlink 'D:\Main_Project\react-monorepo\react-monorepo-setup-main\node_modules\@esbuild\win32-x64\esbuild.exe'

npm manifest: 
  {
    "private": true,
    "workspaces": {
      "packages": [
        "./packages/main",
        "./packages/app1",
        "./packages/app2",
        "./packages/common"
      ]
    },
    "scripts": {
      "main": "yarn workspace main dev"
    }
  }

yarn manifest: 
  No manifest

Lockfile: 
  No lockfile
